<?xml version="1.0" encoding="UTF-8"?>
<!-- Generated by org.testng.reporters.JUnitReportReporter -->
<testsuite skipped="0" hostname="BA-00015612.local" name="com.tokopedia.programming.test.GroceriesTest" tests="2" failures="0" timestamp="2021-10-06T20:55:36 WIB" time="0.011" errors="0">
  <testcase name="testPrintGroceries" time="0.001" classname="com.tokopedia.programming.test.GroceriesTest"/>
  <system-out/>
  <testcase name="testGroceries" time="0.010" classname="com.tokopedia.programming.test.GroceriesTest"/>
  <system-out/>
</testsuite> <!-- com.tokopedia.programming.test.GroceriesTest -->
